{"version": "1.0.0", "event": "ctir_startup", "level": "info", "logger": "app.main", "timestamp": "2026-04-06T07:04:29.488097Z"}
{"event": "Adding job tentatively -- it will be properly scheduled when the scheduler starts", "level": "info", "logger": "apscheduler.scheduler", "timestamp": "2026-04-06T07:04:29.488411Z"}
{"version": "1.0.0", "event": "ctir_startup", "level": "info", "logger": "app.main", "timestamp": "2026-04-06T07:04:29.488847Z"}
{"event": "Added job \"_scheduled_ingestion\" to job store \"default\"", "level": "info", "logger": "apscheduler.scheduler", "timestamp": "2026-04-06T07:04:29.488960Z"}
{"event": "Scheduler started", "level": "info", "logger": "apscheduler.scheduler", "timestamp": "2026-04-06T07:04:29.489062Z"}
{"event": "Adding job tentatively -- it will be properly scheduled when the scheduler starts", "level": "info", "logger": "apscheduler.scheduler", "timestamp": "2026-04-06T07:04:29.489175Z"}
{"interval_minutes": 60, "event": "scheduler_started", "level": "info", "logger": "app.core.scheduler", "timestamp": "2026-04-06T07:04:29.489129Z"}
{"event": "Added job \"_scheduled_ingestion\" to job store \"default\"", "level": "info", "logger": "apscheduler.scheduler", "timestamp": "2026-04-06T07:04:29.489694Z"}
{"event": "Scheduler started", "level": "info", "logger": "apscheduler.scheduler", "timestamp": "2026-04-06T07:04:29.489798Z"}
{"interval_minutes": 60, "event": "scheduler_started", "level": "info", "logger": "app.core.scheduler", "timestamp": "2026-04-06T07:04:29.489886Z"}
{"request_id": "47ef9350-966c-4f55-aa01-d21af99eb049", "method": "GET", "path": "/health", "status_code": 200, "latency_ms": 14, "event": "http_request", "level": "info", "logger": "app.core.security", "timestamp": "2026-04-06T07:04:33.597289Z"}
{"request_id": "3b193d65-6d83-405e-af75-faa3525e2693", "method": "GET", "path": "/", "status_code": 200, "latency_ms": 0, "event": "http_request", "level": "info", "logger": "app.core.security", "timestamp": "2026-04-06T07:04:42.974769Z"}
{"request_id": "b8c95f21-397f-4d96-9e30-611a0618aeb2", "method": "GET", "path": "/favicon.ico", "status_code": 404, "latency_ms": 0, "event": "http_request", "level": "info", "logger": "app.core.security", "timestamp": "2026-04-06T07:04:43.701618Z"}
{"request_id": "20ecd115-e9fd-4e45-bc1d-b6c6650671d7", "method": "GET", "path": "/docs", "status_code": 200, "latency_ms": 0, "event": "http_request", "level": "info", "logger": "app.core.security", "timestamp": "2026-04-06T07:04:48.885442Z"}
{"request_id": "575cc391-495f-4619-8eb8-a80e9c01ade8", "method": "GET", "path": "/openapi.json", "status_code": 200, "latency_ms": 10, "event": "http_request", "level": "info", "logger": "app.core.security", "timestamp": "2026-04-06T07:04:50.563714Z"}
{"request_id": "48e34779-39de-4564-9b21-744a58c57cd2", "method": "GET", "path": "/health", "status_code": 200, "latency_ms": 1, "event": "http_request", "level": "info", "logger": "app.core.security", "timestamp": "2026-04-06T07:05:03.643451Z"}
{"request_id": "1e32306b-0f96-46de-a335-9877f9b52331", "method": "GET", "path": "/health", "status_code": 200, "latency_ms": 1, "event": "http_request", "level": "info", "logger": "app.core.security", "timestamp": "2026-04-06T07:05:33.690694Z"}
{"request_id": "79509c65-1fee-443f-ae2d-e0b4d6a92edf", "method": "GET", "path": "/health", "status_code": 200, "latency_ms": 1, "event": "http_request", "level": "info", "logger": "app.core.security", "timestamp": "2026-04-06T07:06:03.738583Z"}
{"request_id": "5e320b93-f46a-44b3-88a6-0e6a873cf738", "method": "GET", "path": "/health", "status_code": 200, "latency_ms": 6, "event": "http_request", "level": "info", "logger": "app.core.security", "timestamp": "2026-04-06T07:06:33.790201Z"}
{"request_id": "cbd1cd2e-f4db-452d-a07d-1d78ac1d6518", "method": "GET", "path": "/health", "status_code": 200, "latency_ms": 1, "event": "http_request", "level": "info", "logger": "app.core.security", "timestamp": "2026-04-06T07:07:03.845443Z"}
{"request_id": "10bcd3c1-c170-47d8-8b8f-78ddf12ccebc", "method": "GET", "path": "/health", "status_code": 200, "latency_ms": 1, "event": "http_request", "level": "info", "logger": "app.core.security", "timestamp": "2026-04-06T07:07:33.891823Z"}
{"request_id": "f5103003-3cfc-4475-beed-97cd64d25469", "method": "GET", "path": "/health", "status_code": 200, "latency_ms": 1, "event": "http_request", "level": "info", "logger": "app.core.security", "timestamp": "2026-04-06T07:08:03.937693Z"}
{"request_id": "1cc73667-6630-4d7b-b1aa-ec13e13abd41", "method": "GET", "path": "/health", "status_code": 200, "latency_ms": 1, "event": "http_request", "level": "info", "logger": "app.core.security", "timestamp": "2026-04-06T07:08:33.993623Z"}
{"request_id": "81e86251-53b8-4e30-a5d6-962944f9231f", "method": "GET", "path": "/health", "status_code": 200, "latency_ms": 1, "event": "http_request", "level": "info", "logger": "app.core.security", "timestamp": "2026-04-06T07:09:04.041453Z"}
{"request_id": "fa879443-ae09-438d-9d10-b1cfb61144a2", "method": "GET", "path": "/health", "status_code": 200, "latency_ms": 1, "event": "http_request", "level": "info", "logger": "app.core.security", "timestamp": "2026-04-06T07:09:34.088587Z"}
{"request_id": "5c145edf-bfab-4667-a126-60da9dd3e2f4", "method": "GET", "path": "/health", "status_code": 200, "latency_ms": 1, "event": "http_request", "level": "info", "logger": "app.core.security", "timestamp": "2026-04-06T07:10:04.134942Z"}
{"request_id": "48121ee1-7fea-4735-aa07-f67cfdc674c2", "method": "GET", "path": "/health", "status_code": 200, "latency_ms": 1, "event": "http_request", "level": "info", "logger": "app.core.security", "timestamp": "2026-04-06T07:10:34.186794Z"}
{"request_id": "48c505bb-a1d3-421b-b19f-75dc73bc97de", "method": "GET", "path": "/health", "status_code": 200, "latency_ms": 1, "event": "http_request", "level": "info", "logger": "app.core.security", "timestamp": "2026-04-06T07:11:04.241242Z"}
{"request_id": "6708da20-d4b5-4045-9ec9-889f43f9ab95", "method": "GET", "path": "/health", "status_code": 200, "latency_ms": 1, "event": "http_request", "level": "info", "logger": "app.core.security", "timestamp": "2026-04-06T07:11:34.285604Z"}
{"request_id": "212bbd4f-f7c3-4558-9235-a4acdfdacdaa", "method": "GET", "path": "/health", "status_code": 200, "latency_ms": 1, "event": "http_request", "level": "info", "logger": "app.core.security", "timestamp": "2026-04-06T07:12:04.338714Z"}
{"request_id": "fe9706e9-e925-491d-9d13-cb48da720d69", "method": "GET", "path": "/health", "status_code": 200, "latency_ms": 1, "event": "http_request", "level": "info", "logger": "app.core.security", "timestamp": "2026-04-06T07:12:34.385636Z"}
{"request_id": "643d179f-ccdd-4642-a750-864c5998cca9", "method": "GET", "path": "/health", "status_code": 200, "latency_ms": 1, "event": "http_request", "level": "info", "logger": "app.core.security", "timestamp": "2026-04-06T07:13:04.432506Z"}
{"request_id": "dbbd65bf-0e7e-4a66-ab91-5462ddffc308", "method": "GET", "path": "/health", "status_code": 200, "latency_ms": 1, "event": "http_request", "level": "info", "logger": "app.core.security", "timestamp": "2026-04-06T07:13:34.477696Z"}
{"request_id": "5f888c0a-10f6-44a4-bd92-d683ba4a3817", "method": "GET", "path": "/health", "status_code": 200, "latency_ms": 1, "event": "http_request", "level": "info", "logger": "app.core.security", "timestamp": "2026-04-06T07:14:04.529858Z"}
{"request_id": "82b0f52a-096c-4a63-b1c4-db2365bdc5c9", "method": "GET", "path": "/health", "status_code": 200, "latency_ms": 1, "event": "http_request", "level": "info", "logger": "app.core.security", "timestamp": "2026-04-06T07:14:29.947289Z"}
{"request_id": "940a9bc8-e3d9-45e6-9890-f9508fdda2b6", "method": "GET", "path": "/health", "status_code": 200, "latency_ms": 1, "event": "http_request", "level": "info", "logger": "app.core.security", "timestamp": "2026-04-06T07:14:34.573372Z"}
{"request_id": "c8458201-234a-4291-9011-e01f56154de9", "method": "GET", "path": "/stats", "status_code": 200, "latency_ms": 27, "event": "http_request", "level": "info", "logger": "app.core.security", "timestamp": "2026-04-06T07:14:36.789027Z"}
{"request_id": "4911bc62-11c2-4a52-9c81-94741046a804", "method": "GET", "path": "/health", "status_code": 200, "latency_ms": 1, "event": "http_request", "level": "info", "logger": "app.core.security", "timestamp": "2026-04-06T07:15:04.627459Z"}
{"request_id": "1f2d9de9-dc5d-45e5-a0f2-947df1b48f69", "method": "GET", "path": "/health", "status_code": 200, "latency_ms": 1, "event": "http_request", "level": "info", "logger": "app.core.security", "timestamp": "2026-04-06T07:15:34.679611Z"}
{"request_id": "cd7dda7d-42cd-4343-9b92-c60a2cf7c1a1", "method": "GET", "path": "/stats", "status_code": 200, "latency_ms": 18, "event": "http_request", "level": "info", "logger": "app.core.security", "timestamp": "2026-04-06T07:15:41.511432Z"}
{"request_id": "e21ff365-27d8-4406-b100-37cf8272202e", "method": "GET", "path": "/metrics", "status_code": 200, "latency_ms": 0, "event": "http_request", "level": "info", "logger": "app.core.security", "timestamp": "2026-04-06T07:16:01.934966Z"}
{"request_id": "57cf18fd-f67b-4efb-9306-6a38fd7050c6", "method": "GET", "path": "/health", "status_code": 200, "latency_ms": 1, "event": "http_request", "level": "info", "logger": "app.core.security", "timestamp": "2026-04-06T07:16:04.725077Z"}
{"request_id": "3085dc88-e9a5-402c-ad2b-c1503f8962f2", "method": "GET", "path": "/api/v1/iocs", "status_code": 200, "latency_ms": 7, "event": "http_request", "level": "info", "logger": "app.core.security", "timestamp": "2026-04-06T07:16:20.103578Z"}
{"request_id": "0ccd5f19-4571-451a-ae18-2215879b0a33", "method": "GET", "path": "/health", "status_code": 200, "latency_ms": 1, "event": "http_request", "level": "info", "logger": "app.core.security", "timestamp": "2026-04-06T07:16:34.770623Z"}
{"feed_name": "ThreatFox", "event": "feed_registered", "level": "info", "logger": "app.services.feed_registry", "timestamp": "2026-04-06T07:17:00.289807Z"}
{"request_id": "a9592185-1402-49e5-b0b0-c5656a4a4338", "method": "POST", "path": "/api/v1/ingestion/trigger", "status_code": 202, "latency_ms": 2004, "event": "http_request", "level": "info", "logger": "app.core.security", "timestamp": "2026-04-06T07:17:02.292280Z"}
{"job_id": 1, "triggered_by": "manual", "event": "ingestion_job_created", "level": "info", "logger": "app.db.job_repository", "timestamp": "2026-04-06T07:17:02.299047Z"}
{"job_id": 1, "feed": "ThreatFox", "trigger": "manual", "event": "ingestion_started", "level": "info", "logger": "app.services.ingestion_service", "timestamp": "2026-04-06T07:17:02.301931Z"}
{"event": "HTTP Request: POST https://threatfox-api.abuse.ch/api/v1/ \"HTTP/1.1 401 Unauthorized\"", "level": "info", "logger": "httpx", "timestamp": "2026-04-06T07:17:03.589678Z"}
{"status_code": 401, "body": "{\"error\": \"Unauthorized\"}", "event": "threatfox_http_error", "level": "error", "logger": "app.services.connectors.threatfox", "timestamp": "2026-04-06T07:17:03.590259Z"}
{"job_id": 1, "error": "Client error '401 Unauthorized' for url 'https://threatfox-api.abuse.ch/api/v1/'\nFor more information check: https://developer.mozilla.org/en-US/docs/Web/HTTP/Status/401", "exc_info": true, "event": "ingestion_failed", "level": "error", "logger": "app.services.ingestion_service", "timestamp": "2026-04-06T07:17:03.590530Z"}
{"job_id": 1, "status": "failed", "latency_ms": 1297, "event": "ingestion_job_completed", "level": "info", "logger": "app.db.job_repository", "timestamp": "2026-04-06T07:17:03.594223Z"}
{"request_id": "a0077adb-2c97-49c6-893f-3bfa52eabea6", "method": "GET", "path": "/health", "status_code": 200, "latency_ms": 1, "event": "http_request", "level": "info", "logger": "app.core.security", "timestamp": "2026-04-06T07:17:04.823007Z"}
{"request_id": "a4e8440e-756c-46bb-ab14-f90f64a040e2", "method": "GET", "path": "/api/v1/ingestion/jobs", "status_code": 200, "latency_ms": 2, "event": "http_request", "level": "info", "logger": "app.core.security", "timestamp": "2026-04-06T07:17:31.027802Z"}
{"request_id": "6bc2737d-a6d9-45dc-a483-a521454da2f9", "method": "GET", "path": "/health", "status_code": 200, "latency_ms": 1, "event": "http_request", "level": "info", "logger": "app.core.security", "timestamp": "2026-04-06T07:17:34.870129Z"}
{"request_id": "a8451142-dd2e-4b70-abb9-97272ae59acd", "method": "GET", "path": "/health", "status_code": 200, "latency_ms": 1, "event": "http_request", "level": "info", "logger": "app.core.security", "timestamp": "2026-04-06T07:18:04.915648Z"}
{"request_id": "9dbd3b71-7db5-46ee-b24d-e1aa58969f3d", "method": "GET", "path": "/health", "status_code": 200, "latency_ms": 1, "event": "http_request", "level": "info", "logger": "app.core.security", "timestamp": "2026-04-06T07:18:34.957752Z"}
{"request_id": "68ead490-30ad-452e-8ddb-f197f7172d76", "method": "POST", "path": "/api/v1/ingestion/trigger", "status_code": 202, "latency_ms": 2000, "event": "http_request", "level": "info", "logger": "app.core.security", "timestamp": "2026-04-06T07:18:35.619729Z"}
{"job_id": 2, "triggered_by": "manual", "event": "ingestion_job_created", "level": "info", "logger": "app.db.job_repository", "timestamp": "2026-04-06T07:18:35.622073Z"}
{"job_id": 2, "feed": "ThreatFox", "trigger": "manual", "event": "ingestion_started", "level": "info", "logger": "app.services.ingestion_service", "timestamp": "2026-04-06T07:18:35.624190Z"}
{"event": "HTTP Request: POST https://threatfox-api.abuse.ch/api/v1/ \"HTTP/1.1 401 Unauthorized\"", "level": "info", "logger": "httpx", "timestamp": "2026-04-06T07:18:36.873380Z"}
{"status_code": 401, "body": "{\"error\": \"Unauthorized\"}", "event": "threatfox_http_error", "level": "error", "logger": "app.services.connectors.threatfox", "timestamp": "2026-04-06T07:18:36.873923Z"}
{"job_id": 2, "error": "Client error '401 Unauthorized' for url 'https://threatfox-api.abuse.ch/api/v1/'\nFor more information check: https://developer.mozilla.org/en-US/docs/Web/HTTP/Status/401", "exc_info": true, "event": "ingestion_failed", "level": "error", "logger": "app.services.ingestion_service", "timestamp": "2026-04-06T07:18:36.874175Z"}
{"job_id": 2, "status": "failed", "latency_ms": 1254, "event": "ingestion_job_completed", "level": "info", "logger": "app.db.job_repository", "timestamp": "2026-04-06T07:18:36.876541Z"}
{"request_id": "ea9a1700-0a3b-430b-8232-50beeeddc91b", "method": "GET", "path": "/api/v1/ingestion/jobs", "status_code": 200, "latency_ms": 2, "event": "http_request", "level": "info", "logger": "app.core.security", "timestamp": "2026-04-06T07:18:46.889596Z"}
{"request_id": "838b810d-2c1a-4de6-8a1e-6337e8c0ab47", "method": "GET", "path": "/health", "status_code": 200, "latency_ms": 1, "event": "http_request", "level": "info", "logger": "app.core.security", "timestamp": "2026-04-06T07:19:05.004541Z"}
{"request_id": "b219fac4-2a8e-45b0-a396-5e3b8b876faf", "method": "GET", "path": "/health", "status_code": 200, "latency_ms": 1, "event": "http_request", "level": "info", "logger": "app.core.security", "timestamp": "2026-04-06T07:19:35.049581Z"}
{"request_id": "b4b2efde-d2d0-4af4-a55b-36254e05db7a", "method": "GET", "path": "/health", "status_code": 200, "latency_ms": 1, "event": "http_request", "level": "info", "logger": "app.core.security", "timestamp": "2026-04-06T07:20:05.102557Z"}
{"request_id": "7d8c6078-0c7a-4455-8845-220b0edf6a28", "method": "GET", "path": "/health", "status_code": 200, "latency_ms": 1, "event": "http_request", "level": "info", "logger": "app.core.security", "timestamp": "2026-04-06T07:20:35.149357Z"}
{"request_id": "f6b1b7ea-85de-43a8-8a4d-ea51cbd80edf", "method": "GET", "path": "/health", "status_code": 200, "latency_ms": 1, "event": "http_request", "level": "info", "logger": "app.core.security", "timestamp": "2026-04-06T07:21:05.201838Z"}
{"request_id": "35ee979c-2d08-4683-a71b-33582e330008", "method": "GET", "path": "/health", "status_code": 200, "latency_ms": 1, "event": "http_request", "level": "info", "logger": "app.core.security", "timestamp": "2026-04-06T07:21:35.248682Z"}
{"request_id": "f05cb92f-dafe-4439-a167-d9afb87ac4c8", "method": "GET", "path": "/health", "status_code": 200, "latency_ms": 1, "event": "http_request", "level": "info", "logger": "app.core.security", "timestamp": "2026-04-06T07:22:05.290236Z"}
{"request_id": "8608db94-b367-4835-99bc-98557fd6575c", "method": "GET", "path": "/health", "status_code": 200, "latency_ms": 1, "event": "http_request", "level": "info", "logger": "app.core.security", "timestamp": "2026-04-06T07:22:35.338963Z"}
{"event": "scheduler_stopped", "level": "info", "logger": "app.core.scheduler", "timestamp": "2026-04-06T07:22:51.355282Z"}
{"event": "ctir_shutdown", "level": "info", "logger": "app.main", "timestamp": "2026-04-06T07:22:51.355427Z"}
{"event": "Scheduler has been shut down", "level": "info", "logger": "apscheduler.scheduler", "timestamp": "2026-04-06T07:22:51.355618Z"}
{"event": "scheduler_stopped", "level": "info", "logger": "app.core.scheduler", "timestamp": "2026-04-06T07:22:51.510771Z"}
{"event": "ctir_shutdown", "level": "info", "logger": "app.main", "timestamp": "2026-04-06T07:22:51.510940Z"}
{"event": "Scheduler has been shut down", "level": "info", "logger": "apscheduler.scheduler", "timestamp": "2026-04-06T07:22:51.511131Z"}
{"version": "1.0.0", "event": "ctir_startup", "level": "info", "logger": "app.main", "timestamp": "2026-04-06T07:23:01.438818Z"}
{"event": "Adding job tentatively -- it will be properly scheduled when the scheduler starts", "level": "info", "logger": "apscheduler.scheduler", "timestamp": "2026-04-06T07:23:01.439182Z"}
{"event": "Added job \"_scheduled_ingestion\" to job store \"default\"", "level": "info", "logger": "apscheduler.scheduler", "timestamp": "2026-04-06T07:23:01.439723Z"}
{"event": "Scheduler started", "level": "info", "logger": "apscheduler.scheduler", "timestamp": "2026-04-06T07:23:01.439835Z"}
{"interval_minutes": 60, "event": "scheduler_started", "level": "info", "logger": "app.core.scheduler", "timestamp": "2026-04-06T07:23:01.439910Z"}
{"version": "1.0.0", "event": "ctir_startup", "level": "info", "logger": "app.main", "timestamp": "2026-04-06T07:23:01.485660Z"}
{"event": "Adding job tentatively -- it will be properly scheduled when the scheduler starts", "level": "info", "logger": "apscheduler.scheduler", "timestamp": "2026-04-06T07:23:01.486011Z"}
{"event": "Added job \"_scheduled_ingestion\" to job store \"default\"", "level": "info", "logger": "apscheduler.scheduler", "timestamp": "2026-04-06T07:23:01.486532Z"}
{"event": "Scheduler started", "level": "info", "logger": "apscheduler.scheduler", "timestamp": "2026-04-06T07:23:01.486634Z"}
{"interval_minutes": 60, "event": "scheduler_started", "level": "info", "logger": "app.core.scheduler", "timestamp": "2026-04-06T07:23:01.486702Z"}
{"request_id": "763131c0-560c-4c04-958b-490431105a59", "method": "GET", "path": "/health", "status_code": 200, "latency_ms": 13, "event": "http_request", "level": "info", "logger": "app.core.security", "timestamp": "2026-04-06T07:23:05.541089Z"}
{"feed_name": "ThreatFox", "event": "feed_registered", "level": "info", "logger": "app.services.feed_registry", "timestamp": "2026-04-06T07:23:14.501554Z"}
{"request_id": "c0abdb85-2494-4e87-b27b-143db3d86d84", "method": "POST", "path": "/api/v1/ingestion/trigger", "status_code": 202, "latency_ms": 2000, "event": "http_request", "level": "info", "logger": "app.core.security", "timestamp": "2026-04-06T07:23:16.501588Z"}
{"job_id": 3, "triggered_by": "manual", "event": "ingestion_job_created", "level": "info", "logger": "app.db.job_repository", "timestamp": "2026-04-06T07:23:16.524310Z"}
{"job_id": 3, "feed": "ThreatFox", "trigger": "manual", "event": "ingestion_started", "level": "info", "logger": "app.services.ingestion_service", "timestamp": "2026-04-06T07:23:16.556611Z"}
{"event": "HTTP Request: POST https://threatfox-api.abuse.ch/api/v1/ \"HTTP/1.1 401 Unauthorized\"", "level": "info", "logger": "httpx", "timestamp": "2026-04-06T07:23:17.857224Z"}
{"status_code": 401, "body": "{\"error\": \"Unauthorized\"}", "event": "threatfox_http_error", "level": "error", "logger": "app.services.connectors.threatfox", "timestamp": "2026-04-06T07:23:17.857752Z"}
{"job_id": 3, "error": "Client error '401 Unauthorized' for url 'https://threatfox-api.abuse.ch/api/v1/'\nFor more information check: https://developer.mozilla.org/en-US/docs/Web/HTTP/Status/401", "exc_info": true, "event": "ingestion_failed", "level": "error", "logger": "app.services.ingestion_service", "timestamp": "2026-04-06T07:23:17.858003Z"}
{"job_id": 3, "status": "failed", "latency_ms": 1356, "event": "ingestion_job_completed", "level": "info", "logger": "app.db.job_repository", "timestamp": "2026-04-06T07:23:17.862214Z"}
{"request_id": "344bd98f-6fd3-4219-9abf-6f578b00bdf8", "method": "GET", "path": "/health", "status_code": 200, "latency_ms": 1, "event": "http_request", "level": "info", "logger": "app.core.security", "timestamp": "2026-04-06T07:23:35.586556Z"}
{"request_id": "1510df23-7690-4292-a325-c5cf53a509c4", "method": "GET", "path": "/api/v1/ingestion/jobs", "status_code": 200, "latency_ms": 18, "event": "http_request", "level": "info", "logger": "app.core.security", "timestamp": "2026-04-06T07:24:05.588235Z"}
{"request_id": "460985df-d791-4e4f-9c83-208de703094b", "method": "GET", "path": "/health", "status_code": 200, "latency_ms": 1, "event": "http_request", "level": "info", "logger": "app.core.security", "timestamp": "2026-04-06T07:24:05.627801Z"}
{"request_id": "f540c305-808d-4daf-9101-9eba2cfe9b1f", "method": "GET", "path": "/health", "status_code": 200, "latency_ms": 1, "event": "http_request", "level": "info", "logger": "app.core.security", "timestamp": "2026-04-06T07:24:35.673867Z"}
{"request_id": "876666e8-de61-4dee-a1e2-5bf25fe83313", "method": "GET", "path": "/health", "status_code": 200, "latency_ms": 1, "event": "http_request", "level": "info", "logger": "app.core.security", "timestamp": "2026-04-06T07:25:05.722617Z"}
{"request_id": "2d21444c-23c4-4778-99b8-8e1d958ad249", "method": "GET", "path": "/health", "status_code": 200, "latency_ms": 1, "event": "http_request", "level": "info", "logger": "app.core.security", "timestamp": "2026-04-06T07:25:35.773708Z"}
{"request_id": "65537a26-444e-49ad-8e30-20131dcfa780", "method": "GET", "path": "/health", "status_code": 200, "latency_ms": 1, "event": "http_request", "level": "info", "logger": "app.core.security", "timestamp": "2026-04-06T07:26:05.820994Z"}
{"request_id": "802b7e11-6cf8-4f9f-a6b7-49aaedad4883", "method": "GET", "path": "/health", "status_code": 200, "latency_ms": 1, "event": "http_request", "level": "info", "logger": "app.core.security", "timestamp": "2026-04-06T07:26:35.872738Z"}
{"request_id": "3ab192b0-7785-477a-8f9a-0aa639fe9884", "method": "GET", "path": "/health", "status_code": 200, "latency_ms": 1, "event": "http_request", "level": "info", "logger": "app.core.security", "timestamp": "2026-04-06T07:27:05.924862Z"}
{"request_id": "f28708b7-e9d9-43e1-96c0-0cedff36e60f", "method": "GET", "path": "/health", "status_code": 200, "latency_ms": 1, "event": "http_request", "level": "info", "logger": "app.core.security", "timestamp": "2026-04-06T07:27:35.972554Z"}
{"request_id": "3d1cb902-329b-4d6a-9428-94f8807eb95f", "method": "GET", "path": "/health", "status_code": 200, "latency_ms": 1, "event": "http_request", "level": "info", "logger": "app.core.security", "timestamp": "2026-04-06T07:28:06.022886Z"}
{"request_id": "af3986fe-97df-4b30-9789-64527528958b", "method": "GET", "path": "/health", "status_code": 200, "latency_ms": 1, "event": "http_request", "level": "info", "logger": "app.core.security", "timestamp": "2026-04-06T07:28:36.068101Z"}
{"event": "scheduler_stopped", "level": "info", "logger": "app.core.scheduler", "timestamp": "2026-04-06T07:29:01.201946Z"}
{"event": "ctir_shutdown", "level": "info", "logger": "app.main", "timestamp": "2026-04-06T07:29:01.202098Z"}
{"event": "Scheduler has been shut down", "level": "info", "logger": "apscheduler.scheduler", "timestamp": "2026-04-06T07:29:01.202296Z"}
{"event": "scheduler_stopped", "level": "info", "logger": "app.core.scheduler", "timestamp": "2026-04-06T07:29:01.357692Z"}
{"event": "ctir_shutdown", "level": "info", "logger": "app.main", "timestamp": "2026-04-06T07:29:01.357848Z"}
{"event": "Scheduler has been shut down", "level": "info", "logger": "apscheduler.scheduler", "timestamp": "2026-04-06T07:29:01.358040Z"}
{"version": "1.0.0", "event": "ctir_startup", "level": "info", "logger": "app.main", "timestamp": "2026-04-06T07:29:11.545121Z"}
{"event": "Adding job tentatively -- it will be properly scheduled when the scheduler starts", "level": "info", "logger": "apscheduler.scheduler", "timestamp": "2026-04-06T07:29:11.545465Z"}
{"version": "1.0.0", "event": "ctir_startup", "level": "info", "logger": "app.main", "timestamp": "2026-04-06T07:29:11.545870Z"}
{"event": "Added job \"_scheduled_ingestion\" to job store \"default\"", "level": "info", "logger": "apscheduler.scheduler", "timestamp": "2026-04-06T07:29:11.546009Z"}
{"event": "Scheduler started", "level": "info", "logger": "apscheduler.scheduler", "timestamp": "2026-04-06T07:29:11.546101Z"}
{"event": "Adding job tentatively -- it will be properly scheduled when the scheduler starts", "level": "info", "logger": "apscheduler.scheduler", "timestamp": "2026-04-06T07:29:11.546190Z"}
{"interval_minutes": 60, "event": "scheduler_started", "level": "info", "logger": "app.core.scheduler", "timestamp": "2026-04-06T07:29:11.546178Z"}
{"event": "Added job \"_scheduled_ingestion\" to job store \"default\"", "level": "info", "logger": "apscheduler.scheduler", "timestamp": "2026-04-06T07:29:11.546704Z"}
{"event": "Scheduler started", "level": "info", "logger": "apscheduler.scheduler", "timestamp": "2026-04-06T07:29:11.546802Z"}
{"interval_minutes": 60, "event": "scheduler_started", "level": "info", "logger": "app.core.scheduler", "timestamp": "2026-04-06T07:29:11.546883Z"}
{"request_id": "85089f73-b1d3-4214-b291-3d562b7e89c5", "method": "GET", "path": "/health", "status_code": 200, "latency_ms": 13, "event": "http_request", "level": "info", "logger": "app.core.security", "timestamp": "2026-04-06T07:29:15.652142Z"}
{"feed_name": "ThreatFox", "event": "feed_registered", "level": "info", "logger": "app.services.feed_registry", "timestamp": "2026-04-06T07:29:29.735203Z"}
{"request_id": "d156ae3e-c676-4d5f-bf91-2b4707acb4cc", "method": "POST", "path": "/api/v1/ingestion/trigger", "status_code": 202, "latency_ms": 2002, "event": "http_request", "level": "info", "logger": "app.core.security", "timestamp": "2026-04-06T07:29:31.736598Z"}
{"job_id": 4, "triggered_by": "manual", "event": "ingestion_job_created", "level": "info", "logger": "app.db.job_repository", "timestamp": "2026-04-06T07:29:31.760325Z"}
{"job_id": 4, "feed": "ThreatFox", "trigger": "manual", "event": "ingestion_started", "level": "info", "logger": "app.services.ingestion_service", "timestamp": "2026-04-06T07:29:31.763439Z"}
{"event": "HTTP Request: POST https://threatfox-api.abuse.ch/api/v1/ \"HTTP/1.1 200 OK\"", "level": "info", "logger": "httpx", "timestamp": "2026-04-06T07:29:34.222728Z"}
{"records_fetched": 252, "latency_ms": 3521, "query_status": "ok", "event": "threatfox_fetch_complete", "level": "info", "logger": "app.services.connectors.threatfox", "timestamp": "2026-04-06T07:29:35.293148Z"}
{"job_id": 4, "records_fetched": 252, "latency_ms": 3521, "query_status": "ok", "event": "step_fetch_done", "level": "info", "logger": "app.services.ingestion_service", "timestamp": "2026-04-06T07:29:35.293463Z"}
{"total": 252, "valid": 252, "invalid": 0, "event": "parse_complete", "level": "info", "logger": "app.services.parsers.parser", "timestamp": "2026-04-06T07:29:35.296181Z"}
{"job_id": 4, "valid": 252, "invalid": 0, "event": "step_parse_done", "level": "info", "logger": "app.services.ingestion_service", "timestamp": "2026-04-06T07:29:35.296312Z"}
{"job_id": 4, "error": "(pymysql.err.IntegrityError) (1062, \"Duplicate entry '161168498803b1ccb593eff9b1f734d2895494238805d64849e439a09797469a' for key 'iocs.ioc_hash'\")\n[SQL: INSERT INTO iocs (ioc_value, ioc_type_id, ioc_hash, malware_family, threat_type, confidence, severity, tags, primary_feed_id, source_ioc_id, source_count, merged_sources, first_seen_at, last_seen_at, expires_at, is_active) VALUES (%s, %s, %s, %s, %s, %s, %s, %s, %s, %s, %s, %s, %s, %s, %s, %s)]\n[parameters: ('192.252.181.74', 1, '161168498803b1ccb593eff9b1f734d2895494238805d64849e439a09797469a', 'win.valley_rat', 'botnet_cc', 100, 'critical', '[\"RAT\", \"ValleyRAT\"]', 1, '1781595', 1, '[{\"feed_id\": 1, \"source_ioc_id\": \"1781595\", \"first_seen\": \"2026-04-06T07:29:35.294066+00:00\"}]', datetime.datetime(2026, 4, 6, 7, 29, 35, 294066, tzinfo=datetime.timezone.utc), datetime.datetime(2026, 4, 6, 7, 29, 35, 294067, tzinfo=datetime.timezone.utc), None, 1)]\n(Background on this error at: https://sqlalche.me/e/20/gkpj)", "exc_info": true, "event": "ingestion_failed", "level": "error", "logger": "app.services.ingestion_service", "timestamp": "2026-04-06T07:29:35.554259Z"}
{"job_id": 4, "status": "failed", "latency_ms": 3817, "event": "ingestion_job_completed", "level": "info", "logger": "app.db.job_repository", "timestamp": "2026-04-06T07:29:35.557644Z"}
{"request_id": "0208f0c8-3990-4ff6-9d38-3d5b576dbc21", "method": "GET", "path": "/health", "status_code": 200, "latency_ms": 5, "event": "http_request", "level": "info", "logger": "app.core.security", "timestamp": "2026-04-06T07:29:45.700971Z"}
{"request_id": "2f44e9d0-6052-40a1-bb43-02462e6e06c2", "method": "GET", "path": "/api/v1/ingestion/jobs", "status_code": 200, "latency_ms": 13, "event": "http_request", "level": "info", "logger": "app.core.security", "timestamp": "2026-04-06T07:29:55.063417Z"}
{"request_id": "80d48dff-051b-4af4-831e-2a6b85704f23", "method": "GET", "path": "/health", "status_code": 200, "latency_ms": 1, "event": "http_request", "level": "info", "logger": "app.core.security", "timestamp": "2026-04-06T07:30:15.747964Z"}
{"request_id": "c098cd7a-20d2-4df5-a365-af6e41a6b828", "method": "GET", "path": "/health", "status_code": 200, "latency_ms": 1, "event": "http_request", "level": "info", "logger": "app.core.security", "timestamp": "2026-04-06T07:30:45.793629Z"}
{"request_id": "1d0198d7-584d-4a4b-b10a-c224d2aa4bff", "method": "GET", "path": "/health", "status_code": 200, "latency_ms": 1, "event": "http_request", "level": "info", "logger": "app.core.security", "timestamp": "2026-04-06T07:31:15.851107Z"}
{"request_id": "a5fdb039-7e0e-4133-9b1d-b1f0c405cb4c", "method": "GET", "path": "/health", "status_code": 200, "latency_ms": 1, "event": "http_request", "level": "info", "logger": "app.core.security", "timestamp": "2026-04-06T07:31:45.896609Z"}
{"request_id": "7f673ccd-f952-421f-a183-eb9d3b59dd11", "method": "GET", "path": "/health", "status_code": 200, "latency_ms": 1, "event": "http_request", "level": "info", "logger": "app.core.security", "timestamp": "2026-04-06T07:32:15.943078Z"}
{"request_id": "ea2be977-c616-472d-ab02-95c750a8c62c", "method": "GET", "path": "/health", "status_code": 200, "latency_ms": 1, "event": "http_request", "level": "info", "logger": "app.core.security", "timestamp": "2026-04-06T07:32:45.986721Z"}
{"request_id": "d26d37d4-c848-44cd-8a75-a62a91004b80", "method": "GET", "path": "/health", "status_code": 200, "latency_ms": 1, "event": "http_request", "level": "info", "logger": "app.core.security", "timestamp": "2026-04-06T07:33:16.032686Z"}
{"request_id": "cb3dc753-6a70-4e8b-874a-34b511878238", "method": "GET", "path": "/health", "status_code": 200, "latency_ms": 1, "event": "http_request", "level": "info", "logger": "app.core.security", "timestamp": "2026-04-06T07:33:46.078885Z"}
{"request_id": "785d1090-7712-4b62-9d34-ae9c31426f7a", "method": "GET", "path": "/health", "status_code": 200, "latency_ms": 1, "event": "http_request", "level": "info", "logger": "app.core.security", "timestamp": "2026-04-06T07:34:16.124616Z"}
{"request_id": "d33b1033-0696-40cf-8d82-c6f5ea908f33", "method": "GET", "path": "/health", "status_code": 200, "latency_ms": 1, "event": "http_request", "level": "info", "logger": "app.core.security", "timestamp": "2026-04-06T07:34:46.171582Z"}
{"request_id": "11faf954-de72-44b1-b666-61cc560e7e70", "method": "GET", "path": "/health", "status_code": 200, "latency_ms": 1, "event": "http_request", "level": "info", "logger": "app.core.security", "timestamp": "2026-04-06T07:35:16.223441Z"}
{"request_id": "e5416e1e-cd82-4394-a475-ad48f166d9be", "method": "GET", "path": "/health", "status_code": 200, "latency_ms": 1, "event": "http_request", "level": "info", "logger": "app.core.security", "timestamp": "2026-04-06T07:35:46.268046Z"}
{"request_id": "9351e4d5-2944-4860-a6a5-da3348d03261", "method": "GET", "path": "/health", "status_code": 200, "latency_ms": 1, "event": "http_request", "level": "info", "logger": "app.core.security", "timestamp": "2026-04-06T07:36:16.319735Z"}
{"request_id": "a9ccce3b-70d4-43c3-b2a5-d94b80989c7e", "method": "GET", "path": "/health", "status_code": 200, "latency_ms": 1, "event": "http_request", "level": "info", "logger": "app.core.security", "timestamp": "2026-04-06T07:36:46.364176Z"}
{"request_id": "e0981e81-bb2c-493e-8e87-de26ea766714", "method": "GET", "path": "/health", "status_code": 200, "latency_ms": 1, "event": "http_request", "level": "info", "logger": "app.core.security", "timestamp": "2026-04-06T07:37:16.412640Z"}
{"request_id": "1e13add2-cd5e-4f0c-95e2-83e0b2e3ba09", "method": "GET", "path": "/health", "status_code": 200, "latency_ms": 1, "event": "http_request", "level": "info", "logger": "app.core.security", "timestamp": "2026-04-06T07:37:46.465991Z"}
{"request_id": "6f3e46d5-8686-4287-ad5d-7e2044a90a77", "method": "GET", "path": "/health", "status_code": 200, "latency_ms": 1, "event": "http_request", "level": "info", "logger": "app.core.security", "timestamp": "2026-04-06T07:38:16.519357Z"}
{"request_id": "3d3cb4f9-e8be-4094-840e-56ad83c6e695", "method": "GET", "path": "/health", "status_code": 200, "latency_ms": 1, "event": "http_request", "level": "info", "logger": "app.core.security", "timestamp": "2026-04-06T07:38:46.567663Z"}
{"request_id": "3c0f0101-e8d7-4fc6-882f-f3b336396a3c", "method": "GET", "path": "/health", "status_code": 200, "latency_ms": 1, "event": "http_request", "level": "info", "logger": "app.core.security", "timestamp": "2026-04-06T07:39:16.617721Z"}
{"request_id": "fe4956bc-2983-45ce-82a1-f8b09a41a6a8", "method": "GET", "path": "/health", "status_code": 200, "latency_ms": 1, "event": "http_request", "level": "info", "logger": "app.core.security", "timestamp": "2026-04-06T07:39:46.663295Z"}
{"request_id": "1c6a8a98-0912-4f36-816c-39cb507ca957", "method": "GET", "path": "/health", "status_code": 200, "latency_ms": 1, "event": "http_request", "level": "info", "logger": "app.core.security", "timestamp": "2026-04-06T07:40:16.715093Z"}
{"event": "scheduler_stopped", "level": "info", "logger": "app.core.scheduler", "timestamp": "2026-04-06T07:40:24.599691Z"}
{"event": "ctir_shutdown", "level": "info", "logger": "app.main", "timestamp": "2026-04-06T07:40:24.599862Z"}
{"event": "Scheduler has been shut down", "level": "info", "logger": "apscheduler.scheduler", "timestamp": "2026-04-06T07:40:24.600098Z"}
{"event": "scheduler_stopped", "level": "info", "logger": "app.core.scheduler", "timestamp": "2026-04-06T07:40:24.786819Z"}
{"event": "ctir_shutdown", "level": "info", "logger": "app.main", "timestamp": "2026-04-06T07:40:24.787027Z"}
{"event": "Scheduler has been shut down", "level": "info", "logger": "apscheduler.scheduler", "timestamp": "2026-04-06T07:40:24.787271Z"}
{"version": "1.0.0", "event": "ctir_startup", "level": "info", "logger": "app.main", "timestamp": "2026-04-06T07:40:37.327934Z"}
{"event": "Adding job tentatively -- it will be properly scheduled when the scheduler starts", "level": "info", "logger": "apscheduler.scheduler", "timestamp": "2026-04-06T07:40:37.328272Z"}
{"event": "Added job \"_scheduled_ingestion\" to job store \"default\"", "level": "info", "logger": "apscheduler.scheduler", "timestamp": "2026-04-06T07:40:37.328819Z"}
{"event": "Scheduler started", "level": "info", "logger": "apscheduler.scheduler", "timestamp": "2026-04-06T07:40:37.328930Z"}
{"version": "1.0.0", "event": "ctir_startup", "level": "info", "logger": "app.main", "timestamp": "2026-04-06T07:40:37.328837Z"}
{"interval_minutes": 60, "event": "scheduler_started", "level": "info", "logger": "app.core.scheduler", "timestamp": "2026-04-06T07:40:37.328996Z"}
{"event": "Adding job tentatively -- it will be properly scheduled when the scheduler starts", "level": "info", "logger": "apscheduler.scheduler", "timestamp": "2026-04-06T07:40:37.329153Z"}
{"event": "Added job \"_scheduled_ingestion\" to job store \"default\"", "level": "info", "logger": "apscheduler.scheduler", "timestamp": "2026-04-06T07:40:37.329676Z"}
{"event": "Scheduler started", "level": "info", "logger": "apscheduler.scheduler", "timestamp": "2026-04-06T07:40:37.329785Z"}
{"interval_minutes": 60, "event": "scheduler_started", "level": "info", "logger": "app.core.scheduler", "timestamp": "2026-04-06T07:40:37.329861Z"}
{"request_id": "66deff7c-bb7d-4ddf-9b2e-44a17b812f93", "method": "GET", "path": "/health", "status_code": 200, "latency_ms": 13, "event": "http_request", "level": "info", "logger": "app.core.security", "timestamp": "2026-04-06T07:40:41.432604Z"}
{"request_id": "3a32d2bb-1950-4021-8e63-8a086cd7b6aa", "method": "GET", "path": "/api/v1/ingestion/jobs", "status_code": 200, "latency_ms": 20, "event": "http_request", "level": "info", "logger": "app.core.security", "timestamp": "2026-04-06T07:40:47.597983Z"}
{"feed_name": "ThreatFox", "event": "feed_registered", "level": "info", "logger": "app.services.feed_registry", "timestamp": "2026-04-06T07:40:51.341128Z"}
{"request_id": "fbe95edb-ab6f-4fa3-89e3-355c70e8cfc9", "method": "POST", "path": "/api/v1/ingestion/trigger", "status_code": 202, "latency_ms": 2002, "event": "http_request", "level": "info", "logger": "app.core.security", "timestamp": "2026-04-06T07:40:53.343290Z"}
{"job_id": 5, "triggered_by": "manual", "event": "ingestion_job_created", "level": "info", "logger": "app.db.job_repository", "timestamp": "2026-04-06T07:40:53.350122Z"}
{"job_id": 5, "feed": "ThreatFox", "trigger": "manual", "event": "ingestion_started", "level": "info", "logger": "app.services.ingestion_service", "timestamp": "2026-04-06T07:40:53.353075Z"}
{"event": "HTTP Request: POST https://threatfox-api.abuse.ch/api/v1/ \"HTTP/1.1 200 OK\"", "level": "info", "logger": "httpx", "timestamp": "2026-04-06T07:40:55.883637Z"}
{"records_fetched": 255, "latency_ms": 3615, "query_status": "ok", "event": "threatfox_fetch_complete", "level": "info", "logger": "app.services.connectors.threatfox", "timestamp": "2026-04-06T07:40:56.977051Z"}
{"job_id": 5, "records_fetched": 255, "latency_ms": 3615, "query_status": "ok", "event": "step_fetch_done", "level": "info", "logger": "app.services.ingestion_service", "timestamp": "2026-04-06T07:40:56.977336Z"}
{"total": 255, "valid": 255, "invalid": 0, "event": "parse_complete", "level": "info", "logger": "app.services.parsers.parser", "timestamp": "2026-04-06T07:40:56.981139Z"}
{"job_id": 5, "valid": 255, "invalid": 0, "event": "step_parse_done", "level": "info", "logger": "app.services.ingestion_service", "timestamp": "2026-04-06T07:40:56.981283Z"}
{"new": 254, "updated": 1, "duplicate": 0, "event": "dedup_complete", "level": "info", "logger": "app.services.deduplication.engine", "timestamp": "2026-04-06T07:40:57.428338Z"}
{"job_id": 5, "new": 254, "updated": 1, "duplicate": 0, "event": "step_dedup_done", "level": "info", "logger": "app.services.ingestion_service", "timestamp": "2026-04-06T07:40:57.433252Z"}
{"job_id": 5, "status": "success", "latency_ms": 4089, "event": "ingestion_job_completed", "level": "info", "logger": "app.db.job_repository", "timestamp": "2026-04-06T07:40:57.435919Z"}
{"job_id": 5, "status": "success", "latency_ms": 4089, "event": "ingestion_complete", "level": "info", "logger": "app.services.ingestion_service", "timestamp": "2026-04-06T07:40:57.438580Z"}
{"request_id": "22d8c0c7-c4f4-451b-aace-9bc15c143b43", "method": "GET", "path": "/api/v1/ingestion/jobs", "status_code": 200, "latency_ms": 2, "event": "http_request", "level": "info", "logger": "app.core.security", "timestamp": "2026-04-06T07:41:09.246548Z"}
{"request_id": "1f4341c5-fda0-45a4-bfef-1fed786b42c8", "method": "GET", "path": "/health", "status_code": 200, "latency_ms": 1, "event": "http_request", "level": "info", "logger": "app.core.security", "timestamp": "2026-04-06T07:41:11.481605Z"}
{"request_id": "a8846fb3-29d5-4e81-bbe5-29470d67f6a6", "method": "GET", "path": "/health", "status_code": 200, "latency_ms": 1, "event": "http_request", "level": "info", "logger": "app.core.security", "timestamp": "2026-04-06T07:41:41.530660Z"}
{"request_id": "e994d41d-4534-4622-ba03-1c1f0c750fe7", "method": "GET", "path": "/health", "status_code": 200, "latency_ms": 1, "event": "http_request", "level": "info", "logger": "app.core.security", "timestamp": "2026-04-06T07:42:11.577628Z"}
{"request_id": "41b8fe58-602a-4135-897f-0d43e3a82213", "method": "GET", "path": "/health", "status_code": 200, "latency_ms": 1, "event": "http_request", "level": "info", "logger": "app.core.security", "timestamp": "2026-04-06T07:42:41.623746Z"}
{"request_id": "e414bbe2-935d-4097-a949-171a2cd82fe3", "method": "GET", "path": "/health", "status_code": 200, "latency_ms": 6, "event": "http_request", "level": "info", "logger": "app.core.security", "timestamp": "2026-04-06T07:43:11.676148Z"}
{"request_id": "fe6ef091-2e9b-43c1-b24c-354426245bf0", "method": "GET", "path": "/health", "status_code": 200, "latency_ms": 1, "event": "http_request", "level": "info", "logger": "app.core.security", "timestamp": "2026-04-06T07:43:41.729663Z"}
{"request_id": "eca6f80d-ec78-4e86-bf7a-88a29ce7fbfb", "method": "GET", "path": "/health", "status_code": 200, "latency_ms": 1, "event": "http_request", "level": "info", "logger": "app.core.security", "timestamp": "2026-04-06T07:44:11.782628Z"}
{"request_id": "24a45822-c9f2-4ee5-8a1a-746575e7cf0f", "method": "GET", "path": "/health", "status_code": 200, "latency_ms": 1, "event": "http_request", "level": "info", "logger": "app.core.security", "timestamp": "2026-04-06T07:44:41.829702Z"}
{"request_id": "4a5ac684-2ead-4e42-98b5-0015771ceee6", "method": "GET", "path": "/health", "status_code": 200, "latency_ms": 1, "event": "http_request", "level": "info", "logger": "app.core.security", "timestamp": "2026-04-06T07:45:11.873769Z"}
{"request_id": "200539c2-3db3-4be8-be90-849fcb33319a", "method": "GET", "path": "/api/v1/iocs", "status_code": 200, "latency_ms": 38, "event": "http_request", "level": "info", "logger": "app.core.security", "timestamp": "2026-04-06T07:45:21.261582Z"}
{"request_id": "a15b31e5-1b4e-4f51-a6b8-6a4a7914d0fd", "method": "GET", "path": "/health", "status_code": 200, "latency_ms": 1, "event": "http_request", "level": "info", "logger": "app.core.security", "timestamp": "2026-04-06T07:45:41.921633Z"}
{"request_id": "f3c71fd5-5cfc-43f9-b3cf-9a603385417a", "method": "GET", "path": "/api/v1/iocs", "status_code": 200, "latency_ms": 14, "event": "http_request", "level": "info", "logger": "app.core.security", "timestamp": "2026-04-06T07:46:05.717493Z"}
{"request_id": "08652a04-0047-42bc-8b4d-58ae403434ae", "method": "GET", "path": "/health", "status_code": 200, "latency_ms": 1, "event": "http_request", "level": "info", "logger": "app.core.security", "timestamp": "2026-04-06T07:46:11.964493Z"}
{"request_id": "288980c5-02f8-4530-bd4d-624522a6e519", "method": "GET", "path": "/health", "status_code": 200, "latency_ms": 1, "event": "http_request", "level": "info", "logger": "app.core.security", "timestamp": "2026-04-06T07:46:39.394991Z"}
{"request_id": "cb7e35a8-041a-477d-a454-d57cef6b9a47", "method": "GET", "path": "/health", "status_code": 200, "latency_ms": 1, "event": "http_request", "level": "info", "logger": "app.core.security", "timestamp": "2026-04-06T07:46:42.012545Z"}
{"request_id": "4fff4cf8-b857-45d1-93b8-c7ae340d292e", "method": "GET", "path": "/stats", "status_code": 200, "latency_ms": 6, "event": "http_request", "level": "info", "logger": "app.core.security", "timestamp": "2026-04-06T07:46:42.479864Z"}
{"request_id": "2ba77dbb-6a58-4b02-9466-b9598b794ec0", "method": "GET", "path": "/health", "status_code": 200, "latency_ms": 1, "event": "http_request", "level": "info", "logger": "app.core.security", "timestamp": "2026-04-06T07:47:12.061656Z"}
{"request_id": "5a742e3d-953d-48be-9294-95b83093131e", "method": "GET", "path": "/metrics", "status_code": 200, "latency_ms": 0, "event": "http_request", "level": "info", "logger": "app.core.security", "timestamp": "2026-04-06T07:47:17.316543Z"}
{"request_id": "f860f17e-ae85-4f5c-ae15-aa3de1f23e00", "method": "GET", "path": "/health", "status_code": 200, "latency_ms": 1, "event": "http_request", "level": "info", "logger": "app.core.security", "timestamp": "2026-04-06T07:47:42.110653Z"}
{"request_id": "a28732dd-ff14-4242-9e80-01572ed7d30f", "method": "GET", "path": "/feeds", "status_code": 200, "latency_ms": 0, "event": "http_request", "level": "info", "logger": "app.core.security", "timestamp": "2026-04-06T07:47:54.030582Z"}
{"event": "scheduler_stopped", "level": "info", "logger": "app.core.scheduler", "timestamp": "2026-04-06T07:48:07.614416Z"}
{"event": "ctir_shutdown", "level": "info", "logger": "app.main", "timestamp": "2026-04-06T07:48:07.614572Z"}
{"event": "Scheduler has been shut down", "level": "info", "logger": "apscheduler.scheduler", "timestamp": "2026-04-06T07:48:07.614764Z"}
{"event": "scheduler_stopped", "level": "info", "logger": "app.core.scheduler", "timestamp": "2026-04-06T07:48:07.815287Z"}
{"event": "ctir_shutdown", "level": "info", "logger": "app.main", "timestamp": "2026-04-06T07:48:07.815432Z"}
{"event": "Scheduler has been shut down", "level": "info", "logger": "apscheduler.scheduler", "timestamp": "2026-04-06T07:48:07.815614Z"}
